  TestCode.cpp
  Output.cpp
  Input.cpp
  windowinput.cpp
  mousequeue.cpp
  keyqueue.cpp
  image.cpp
c:\paint4kids\cmugraphicslib\image.cpp(115): warning C4018: '<': signed/unsigned mismatch
  CMUgraphics.cpp
c:\paint4kids\cmugraphicslib\cmugraphics.cpp(257): warning C4101: 'iX': unreferenced local variable
c:\paint4kids\cmugraphicslib\cmugraphics.cpp(257): warning C4101: 'iY': unreferenced local variable
c:\paint4kids\cmugraphicslib\cmugraphics.cpp(751): warning C4996: 'strcpy': This function or variable may be unsafe. Consider using strcpy_s instead. To disable deprecation, use _CRT_SECURE_NO_WARNINGS. See online help for details.
  c:\program files (x86)\windows kits\10\include\10.0.10240.0\ucrt\string.h(119): note: see declaration of 'strcpy'
c:\paint4kids\cmugraphicslib\cmugraphics.cpp(1164): warning C4996: 'sprintf': This function or variable may be unsafe. Consider using sprintf_s instead. To disable deprecation, use _CRT_SECURE_NO_WARNINGS. See online help for details.
  c:\program files (x86)\windows kits\10\include\10.0.10240.0\ucrt\stdio.h(1769): note: see declaration of 'sprintf'
c:\paint4kids\cmugraphicslib\cmugraphics.cpp(1171): warning C4996: 'sprintf': This function or variable may be unsafe. Consider using sprintf_s instead. To disable deprecation, use _CRT_SECURE_NO_WARNINGS. See online help for details.
  c:\program files (x86)\windows kits\10\include\10.0.10240.0\ucrt\stdio.h(1769): note: see declaration of 'sprintf'
c:\paint4kids\cmugraphicslib\cmugraphics.cpp(1202): warning C4996: 'sprintf': This function or variable may be unsafe. Consider using sprintf_s instead. To disable deprecation, use _CRT_SECURE_NO_WARNINGS. See online help for details.
  c:\program files (x86)\windows kits\10\include\10.0.10240.0\ucrt\stdio.h(1769): note: see declaration of 'sprintf'
c:\paint4kids\cmugraphicslib\cmugraphics.cpp(1210): warning C4996: 'sprintf': This function or variable may be unsafe. Consider using sprintf_s instead. To disable deprecation, use _CRT_SECURE_NO_WARNINGS. See online help for details.
  c:\program files (x86)\windows kits\10\include\10.0.10240.0\ucrt\stdio.h(1769): note: see declaration of 'sprintf'
c:\paint4kids\cmugraphicslib\cmugraphics.cpp(1357): warning C4018: '>': signed/unsigned mismatch
  auxil.cpp
  Generating Code...
  jutils.c
  jquant2.c
  jquant1.c
  jmemnobs.c
  jmemmgr.c
c:\paint4kids\cmugraphicslib\jpeg\jmemmgr.c(1103): warning C4996: 'getenv': This function or variable may be unsafe. Consider using _dupenv_s instead. To disable deprecation, use _CRT_SECURE_NO_WARNINGS. See online help for details.
  c:\program files (x86)\windows kits\10\include\10.0.10240.0\ucrt\stdlib.h(1183): note: see declaration of 'getenv'
c:\paint4kids\cmugraphicslib\jpeg\jmemmgr.c(1106): warning C4996: 'sscanf': This function or variable may be unsafe. Consider using sscanf_s instead. To disable deprecation, use _CRT_SECURE_NO_WARNINGS. See online help for details.
  c:\program files (x86)\windows kits\10\include\10.0.10240.0\ucrt\stdio.h(2254): note: see declaration of 'sscanf'
  jidctred.c
  jidctint.c
  jidctfst.c
  jidctflt.c
  jerror.c
c:\paint4kids\cmugraphicslib\jpeg\jerror.c(169): warning C4996: 'sprintf': This function or variable may be unsafe. Consider using sprintf_s instead. To disable deprecation, use _CRT_SECURE_NO_WARNINGS. See online help for details.
  c:\program files (x86)\windows kits\10\include\10.0.10240.0\ucrt\stdio.h(1769): note: see declaration of 'sprintf'
c:\paint4kids\cmugraphicslib\jpeg\jerror.c(171): warning C4996: 'sprintf': This function or variable may be unsafe. Consider using sprintf_s instead. To disable deprecation, use _CRT_SECURE_NO_WARNINGS. See online help for details.
  c:\program files (x86)\windows kits\10\include\10.0.10240.0\ucrt\stdio.h(1769): note: see declaration of 'sprintf'
  jdtrans.c
  jdsample.c
  jdpostct.c
  jdphuff.c
  jdmerge.c
  jdmaster.c
  jdmarker.c
  jdmainct.c
  jdinput.c
  jdhuff.c
  Generating Code...
  Compiling...
  jddctmgr.c
  jdcolor.c
  jdcoefct.c
  jdatasrc.c
  jdapistd.c
  jdapimin.c
  jcparam.c
  jcomapi.c
  jpegload.c
c:\paint4kids\cmugraphicslib\jpegload.c(23): warning C4996: 'fopen': This function or variable may be unsafe. Consider using fopen_s instead. To disable deprecation, use _CRT_SECURE_NO_WARNINGS. See online help for details.
  c:\program files (x86)\windows kits\10\include\10.0.10240.0\ucrt\stdio.h(205): note: see declaration of 'fopen'
  Generating Code...
auxil.obj : warning LNK4075: ignoring '/EDITANDCONTINUE' due to '/SAFESEH' specification
  PT-Project.vcxproj -> C:\Paint4Kids\.\Debug\PT Project.exe
